2025-03-27 22:33:54,142 - INFO - [retrival.py:150] - === Starting Detailed Data Analysis ===
2025-03-27 22:33:54,142 - INFO - [retrival.py:70] - Attempting to retrieve access token
2025-03-27 22:33:54,146 - DEBUG - [connectionpool.py:1022] - Starting new HTTPS connection (1): api2.arduino.cc:443
2025-03-27 22:33:55,828 - DEBUG - [connectionpool.py:475] - https://api2.arduino.cc:443 "POST /iot/v1/clients/token HTTP/1.1" 200 627
2025-03-27 22:33:55,830 - DEBUG - [retrival.py:74] - Token retrieval response status: 200
2025-03-27 22:33:55,830 - DEBUG - [retrival.py:75] - Token retrieval response headers: {'Content-Type': 'application/vnd.arduino.token+json', 'Content-Length': '627', 'Connection': 'keep-alive', 'Date': 'Thu, 27 Mar 2025 19:33:56 GMT', 'Vary': 'Origin', 'Cache-Control': 'no-cache, no-store, must-revalidate', 'Expires': '0', 'Pragma': 'no-cache', 'X-Cache': 'Miss from cloudfront', 'Via': '1.1 a9374984807710a3becf6aa7d2bd2bae.cloudfront.net (CloudFront)', 'X-Amz-Cf-Pop': 'NBO50-P1', 'X-Amz-Cf-Id': 'pnnCSpVU6JZbQPhtOU93hRBFNpWtvthTeq-t-jQ2sPsF_kAGfegpKw=='}
2025-03-27 22:33:55,831 - INFO - [retrival.py:85] - Successfully retrieved access token
2025-03-27 22:33:55,833 - INFO - [retrival.py:109] - Attempting to retrieve properties for Thing ID: e1caaea7-f9ee-448d-bc81-68585c7c7727
2025-03-27 22:33:55,835 - DEBUG - [connectionpool.py:1022] - Starting new HTTPS connection (1): api2.arduino.cc:443
2025-03-27 22:33:57,118 - DEBUG - [connectionpool.py:475] - https://api2.arduino.cc:443 "GET /iot/v1/things/e1caaea7-f9ee-448d-bc81-68585c7c7727/properties HTTP/1.1" 200 None
2025-03-27 22:33:57,119 - DEBUG - [retrival.py:114] - Properties retrieval response status: 200
2025-03-27 22:33:57,119 - DEBUG - [retrival.py:115] - Properties retrieval response headers: {'Content-Type': 'application/vnd.arduino.property+json; type=collection', 'Transfer-Encoding': 'chunked', 'Connection': 'keep-alive', 'Date': 'Thu, 27 Mar 2025 19:33:58 GMT', 'Pragma': 'no-cache', 'Vary': 'Origin', 'Cache-Control': 'no-cache, no-store, must-revalidate', 'Expires': '0', 'X-Cache': 'Miss from cloudfront', 'Via': '1.1 eb19683d410f709d9c6caa8aeaab160c.cloudfront.net (CloudFront)', 'X-Amz-Cf-Pop': 'NBO50-P1', 'X-Amz-Cf-Id': 'Hoa6saDjZVbMdJL025dsCan7HOpxeV6AQ_OqU_vmRYGm1yTyBl0VVQ=='}
2025-03-27 22:33:57,142 - DEBUG - [api.py:451] - Encoding detection: utf_8 is most likely the one.
2025-03-27 22:33:57,142 - DEBUG - [retrival.py:116] - Properties retrieval response content: [{"created_at":"2025-03-26T17:07:08.440089Z","href":"/iot/v1/things/e1caaea7-f9ee-448d-bc81-68585c7c7727/properties/03271a09-bfcf-4b4c-ace9-05cdea08e8d9","id":"03271a09-bfcf-4b4c-ace9-05cdea08e8d9","last_value":"🟢 Online","linked_to_trigger":false,"name":"deviceStatus","permission":"READ_WRITE","persist":true,"tag":1,"thing_id":"e1caaea7-f9ee-448d-bc81-68585c7c7727","thing_name":"FINAL","type":"CHARSTRING","update_parameter":0,"update_strategy":"ON_CHANGE","updated_at":"2025-03-26T17:07:08.440089Z","value_updated_at":"2025-03-27T14:44:24.977Z","variable_name":"deviceStatus"},{"created_at":"2025-03-26T17:08:16.323171Z","href":"/iot/v1/things/e1caaea7-f9ee-448d-bc81-68585c7c7727/properties/35901f96-f37f-4c01-bbf5-88fd8e3a8c9e","id":"35901f96-f37f-4c01-bbf5-88fd8e3a8c9e","last_value":"⚠️ No GSM Response","linked_to_trigger":false,"name":"errorStatus","permission":"READ_WRITE","persist":true,"tag":2,"thing_id":"e1caaea7-f9ee-448d-bc81-68585c7c7727","thing_name":"FINAL","type":"CHARSTRING","update_parameter":0,"update_strategy":"ON_CHANGE","updated_at":"2025-03-26T17:08:16.323171Z","value_updated_at":"2025-03-27T14:44:24.977Z","variable_name":"errorStatus"},{"created_at":"2025-03-26T17:09:23.331913Z","href":"/iot/v1/things/e1caaea7-f9ee-448d-bc81-68585c7c7727/properties/141377f0-0220-48d8-b86d-f5fe7b74edeb","id":"141377f0-0220-48d8-b86d-f5fe7b74edeb","last_value":"Gas levels normal","linked_to_trigger":false,"name":"gasAlert","permission":"READ_WRITE","persist":true,"tag":3,"thing_id":"e1caaea7-f9ee-448d-bc81-68585c7c7727","thing_name":"FINAL","type":"CHARSTRING","update_parameter":0,"update_strategy":"ON_CHANGE","updated_at":"2025-03-26T17:09:23.331913Z","value_updated_at":"2025-03-27T14:44:24.977Z","variable_name":"gasAlert"},{"created_at":"2025-03-26T17:10:24.774038Z","href":"/iot/v1/things/e1caaea7-f9ee-448d-bc81-68585c7c7727/properties/407589ec-e181-467b-a2a6-af2af71b9458","id":"407589ec-e181-467b-a2a6-af2af71b9458","last_value":0.004926626570522785,"linked_to_trigger":false,"name":"gasLevel","permission":"READ_WRITE","persist":true,"tag":4,"thing_id":"e1caaea7-f9ee-448d-bc81-68585c7c7727","thing_name":"FINAL","type":"FLOAT","update_parameter":0,"update_strategy":"ON_CHANGE","updated_at":"2025-03-26T17:10:24.774038Z","value_updated_at":"2025-03-27T14:52:55.788Z","variable_name":"gasLevel"}]

2025-03-27 22:33:57,144 - INFO - [retrival.py:130] - Property: deviceStatus
2025-03-27 22:33:57,144 - INFO - [retrival.py:131] -   Last Value: 🟢 Online
2025-03-27 22:33:57,144 - INFO - [retrival.py:132] -   Last Updated: 2025-03-27T14:44:24.977Z
2025-03-27 22:33:57,145 - INFO - [retrival.py:130] - Property: errorStatus
2025-03-27 22:33:57,145 - INFO - [retrival.py:131] -   Last Value: ⚠️ No GSM Response
2025-03-27 22:33:57,146 - INFO - [retrival.py:132] -   Last Updated: 2025-03-27T14:44:24.977Z
2025-03-27 22:33:57,146 - INFO - [retrival.py:130] - Property: gasAlert
2025-03-27 22:33:57,146 - INFO - [retrival.py:131] -   Last Value: Gas levels normal
2025-03-27 22:33:57,147 - INFO - [retrival.py:132] -   Last Updated: 2025-03-27T14:44:24.977Z
2025-03-27 22:33:57,147 - INFO - [retrival.py:130] - Property: gasLevel
2025-03-27 22:33:57,147 - INFO - [retrival.py:131] -   Last Value: 0.004926626570522785
2025-03-27 22:33:57,148 - INFO - [retrival.py:132] -   Last Updated: 2025-03-27T14:52:55.788Z
2025-03-27 22:33:57,154 - INFO - [retrival.py:167] - Detailed report saved to arduino_cloud_data_report_20250327_223357.json
